<?xml version="1.0" encoding="UTF-8"?>
<testsuites name="jest tests" tests="1" failures="0" errors="0" time="0.868">
  <testsuite name="undefined" errors="0" failures="0" skipped="0" timestamp="2022-06-09T14:37:54" time="0.751" tests="1">
    <testcase classname=" adds 1 + 2 to equal 3" name=" adds 1 + 2 to equal 3" time="0.458">
    </testcase>
  </testsuite>
</testsuites>