<?xml version="1.0" encoding="UTF-8"?>
<testsuites name="jest tests" tests="1" failures="0" errors="0" time="2.232">
  <testsuite name="insert" errors="0" failures="0" skipped="0" timestamp="2022-06-09T16:51:37" time="2.102" tests="1">
    <testcase classname="insert should insert a doc into collection" name="insert should insert a doc into collection" time="0.231">
    </testcase>
  </testsuite>
</testsuites>